<?xml version="1.0" encoding="UTF-8"?>
<!-- Generated by org.testng.reporters.JUnitXMLReporter -->
<testsuite hostname="INFOVITY-LT-187" ignored="3" name="Test1(failed)(failed)" tests="2" failures="1" timestamp="06 Feb 2020 05:57:12 GMT" time="0.122" errors="0">
  <testcase name="test4" time="0.025" classname="listeners.TestNGGroupsDemo">
    <failure type="junit.framework.AssertionFailedError">
      <![CDATA[junit.framework.AssertionFailedError
at junit.framework.Assert.fail(Assert.java:55)
at junit.framework.Assert.assertTrue(Assert.java:22)
at junit.framework.Assert.assertFalse(Assert.java:39)
at junit.framework.Assert.assertFalse(Assert.java:47)
at listeners.TestNGGroupsDemo.test4(TestNGGroupsDemo.java:39)
... Removed 25 stack frames]]>
    </failure>
  </testcase> <!-- test4 -->
  <testcase name="test3" time="0.0" classname="listeners.TestNGGroupsDemo"/>
  <testcase name="test2" time="0.0" classname="listeners.TestNGGroupsDemo">
    <ignored/>
  </testcase> <!-- test2 -->
  <testcase name="test5" time="0.0" classname="listeners.TestNGGroupsDemo">
    <ignored/>
  </testcase> <!-- test5 -->
  <testcase name="test1" time="0.0" classname="listeners.TestNGGroupsDemo">
    <ignored/>
  </testcase> <!-- test1 -->
</testsuite> <!-- Test1(failed)(failed) -->
