<?xml version="1.0" encoding="UTF-8"?>
<!-- Generated by org.testng.reporters.JUnitXMLReporter -->
<testsuite hostname="INFOVITY-LT-187" ignored="0" name="Test1" tests="10" failures="2" timestamp="06 Feb 2020 06:52:37 GMT" time="0.201" errors="0">
  <testcase name="test4" time="0.022" classname="listeners.TestNGGroupsDemo">
    <skipped/>
  </testcase> <!-- test4 -->
  <testcase name="test4" time="0.0" classname="listeners.TestNGGroupsDemo">
    <skipped/>
  </testcase> <!-- test4 -->
  <testcase name="test4" time="0.122" classname="listeners.TestNGGroupsDemo">
    <failure type="java.lang.NoSuchMethodError" message="org.testng.ITestResult.getSkipCausedBy()Ljava/util/List;">
      <![CDATA[java.lang.NoSuchMethodError: org.testng.ITestResult.getSkipCausedBy()Ljava/util/List;
at listeners.TestNGListeners.onTestSkipped(TestNGListeners.java:29)
... Removed 22 stack frames]]>
    </failure>
  </testcase> <!-- test4 -->
  <testcase name="test2" time="0.0" classname="listeners.TestNGGroupsDemo"/>
  <testcase name="test2" time="0.016" classname="listeners.TestNGGroupsDemo"/>
  <testcase name="test3" time="0.0" classname="listeners.TestNGGroupsDemo">
    <skipped/>
  </testcase> <!-- test3 -->
  <testcase name="test3" time="0.015" classname="listeners.TestNGGroupsDemo">
    <skipped/>
  </testcase> <!-- test3 -->
  <testcase name="test3" time="0.015" classname="listeners.TestNGGroupsDemo">
    <failure type="java.lang.NoSuchMethodError" message="org.testng.ITestResult.getSkipCausedBy()Ljava/util/List;">
      <![CDATA[java.lang.NoSuchMethodError: org.testng.ITestResult.getSkipCausedBy()Ljava/util/List;
at listeners.TestNGListeners.onTestSkipped(TestNGListeners.java:29)
... Removed 22 stack frames]]>
    </failure>
  </testcase> <!-- test3 -->
  <testcase name="test5" time="0.0" classname="listeners.TestNGGroupsDemo"/>
  <testcase name="test1" time="0.0" classname="listeners.TestNGGroupsDemo"/>
</testsuite> <!-- Test1 -->
