<?xml version="1.0" encoding="UTF-8"?>
<!-- Generated by org.testng.reporters.JUnitXMLReporter -->
<testsuite hostname="INFOVITY-LT-187" ignored="3" name="Test1(failed)" tests="2" failures="2" timestamp="06 Feb 2020 05:56:49 GMT" time="0.177" errors="0">
  <testcase name="test4" time="0.013" classname="listeners.TestNGGroupsDemo">
    <failure type="junit.framework.AssertionFailedError">
      <![CDATA[junit.framework.AssertionFailedError
at junit.framework.Assert.fail(Assert.java:55)
at junit.framework.Assert.assertTrue(Assert.java:22)
at junit.framework.Assert.assertFalse(Assert.java:39)
at junit.framework.Assert.assertFalse(Assert.java:47)
at listeners.TestNGGroupsDemo.test4(TestNGGroupsDemo.java:39)
... Removed 25 stack frames]]>
    </failure>
  </testcase> <!-- test4 -->
  <testcase name="test3" time="0.016" classname="listeners.TestNGGroupsDemo">
    <failure type="java.lang.AssertionError" message="expected [true] but found [false]">
      <![CDATA[java.lang.AssertionError: expected [true] but found [false]
at listeners.TestNGGroupsDemo.test3(TestNGGroupsDemo.java:34)
... Removed 29 stack frames]]>
    </failure>
  </testcase> <!-- test3 -->
  <testcase name="test2" time="0.0" classname="listeners.TestNGGroupsDemo">
    <ignored/>
  </testcase> <!-- test2 -->
  <testcase name="test5" time="0.0" classname="listeners.TestNGGroupsDemo">
    <ignored/>
  </testcase> <!-- test5 -->
  <testcase name="test1" time="0.0" classname="listeners.TestNGGroupsDemo">
    <ignored/>
  </testcase> <!-- test1 -->
</testsuite> <!-- Test1(failed) -->
